<?xml version="1.0" encoding="UTF-8"?>
<!-- Generated by org.testng.reporters.JUnitXMLReporter -->
<testsuite hostname="EC2AMAZ-0RUQJJM" ignored="1" name="TC001" tests="2" failures="0" timestamp="2021-04-24T08:53:33 UTC" time="0.15" errors="0">
  <testcase name="tMethod2" time="0.015" classname="exercise1_M21_TestNG_Framework.TestClass01"/>
  <testcase name="tMethod1" time="0.018" classname="exercise1_M21_TestNG_Framework.TestClass01"/>
  <testcase name="tMethod5" time="0.0" classname="exercise1_M21_TestNG_Framework.TestClass01">
    <ignored/>
  </testcase> <!-- tMethod5 -->
</testsuite> <!-- TC001 -->
