<?xml version="1.0" encoding="UTF-8"?>
<testng-results ignored="0" total="1" passed="1" failed="0" skipped="0">
  <reporter-output>
  </reporter-output>
  <suite started-at="2021-06-07T06:24:35 IST" name="Default suite" finished-at="2021-06-07T06:24:38 IST" duration-ms="3608">
    <groups>
    </groups>
    <test started-at="2021-06-07T06:24:35 IST" name="Default test" finished-at="2021-06-07T06:24:38 IST" duration-ms="3608">
      <class name="m22_demo_WebDriver_Architeture.M22_Demo1_LaunchBrowserTest">
        <test-method is-config="true" signature="beforeMethod()[pri:0, instance:m22_demo_WebDriver_Architeture.M22_Demo1_LaunchBrowserTest@1677d1]" started-at="2021-06-07T06:24:35 IST" name="beforeMethod" finished-at="2021-06-07T06:24:36 IST" duration-ms="1299" status="PASS">
          <reporter-output>
          </reporter-output>
        </test-method> <!-- beforeMethod -->
        <test-method signature="launchTestMEApp()[pri:0, instance:m22_demo_WebDriver_Architeture.M22_Demo1_LaunchBrowserTest@1677d1]" started-at="2021-06-07T06:24:36 IST" name="launchTestMEApp" finished-at="2021-06-07T06:24:38 IST" duration-ms="2210" status="PASS">
          <reporter-output>
          </reporter-output>
        </test-method> <!-- launchTestMEApp -->
        <test-method is-config="true" signature="afterMethod()[pri:0, instance:m22_demo_WebDriver_Architeture.M22_Demo1_LaunchBrowserTest@1677d1]" started-at="2021-06-07T06:24:38 IST" name="afterMethod" finished-at="2021-06-07T06:24:38 IST" duration-ms="70" status="PASS">
          <reporter-output>
          </reporter-output>
        </test-method> <!-- afterMethod -->
      </class> <!-- m22_demo_WebDriver_Architeture.M22_Demo1_LaunchBrowserTest -->
    </test> <!-- Default test -->
  </suite> <!-- Default suite -->
</testng-results>
